<?xml version="1.0" encoding="UTF-8"?>
<!-- Generated by org.testng.reporters.JUnitXMLReporter -->
<testsuite hostname="DESKTOP-O7LM0VM" name="Default test" tests="1" failures="1" timestamp="18 Apr 2021 12:06:40 GMT" time="16.768" errors="0">
  <testcase name="runScenario" time="15.494" classname="Runner.Test_Runner">
    <failure type="java.lang.AssertionError" message="expected [Welcome Hansika] but found [Welcome Paul]">
      <![CDATA[java.lang.AssertionError: expected [Welcome Hansika] but found [Welcome Paul]
	at org.testng.Assert.fail(Assert.java:94)
	at org.testng.Assert.failNotEquals(Assert.java:513)
	at org.testng.Assert.assertEqualsImpl(Assert.java:135)
	at org.testng.Assert.assertEquals(Assert.java:116)
	at org.testng.Assert.assertEquals(Assert.java:190)
	at org.testng.Assert.assertEquals(Assert.java:200)
	at StepDefinition.Steps.login_successful(Steps.java:43)
	at ✽.Login Successful(file:///C:/Users/ChaithraNK/eclipse-workspace/testNG/src/test/resources/Login/Login.feature:7)
]]>
    </failure>
  </testcase> <!-- runScenario -->
</testsuite> <!-- Default test -->
